<?xml version="1.0" encoding="UTF-8"?>
<!-- Generated by org.testng.reporters.JUnitReportReporter -->
<testsuite hostname="Sairam" name="com.POM.NewTours_Home_Page_Testing" tests="1" failures="0" timestamp="9 Aug 2018 06:11:31 GMT" time="22.817" errors="0">
  <testcase name="Homepage" time="22.817" classname="com.POM.NewTours_Home_Page_Testing"/>
</testsuite> <!-- com.POM.NewTours_Home_Page_Testing -->
