<?xml version="1.0" encoding="UTF-8"?>
<!-- Generated by org.testng.reporters.JUnitReportReporter -->
<testsuite hostname="Sairam" name="com.DataDriven_Testing.NewTours_NewUserRegistartion_TestData" tests="2" failures="0" timestamp="8 Aug 2018 00:26:53 GMT" time="413.084" errors="0">
  <testcase name="userRegistration" time="411.518" classname="com.DataDriven_Testing.NewTours_NewUserRegistartion_TestData"/>
  <testcase name="register" time="1.566" classname="com.DataDriven_Testing.NewTours_NewUserRegistartion_TestData"/>
</testsuite> <!-- com.DataDriven_Testing.NewTours_NewUserRegistartion_TestData -->
